# JRE version: OpenJDK Runtime Environment (8.0_242-b01) (build 1.8.0_242-release-1644-b01)
# Java VM: OpenJDK 64-Bit Server VM (25.242-b01 mixed mode windows-amd64 compressed oops)
Heap:
 PSYoungGen      total 114176K, used 43272K [0x00000000f5580000, 0x00000000ffd80000, 0x0000000100000000)
  eden space 61440K, 60% used [0x00000000f5580000,0x00000000f79a88d0,0x00000000f9180000)
  from space 52736K, 11% used [0x00000000fca00000,0x00000000fd019818,0x00000000ffd80000)
  to   space 55296K, 0% used [0x00000000f9180000,0x00000000f9180000,0x00000000fc780000)
 ParOldGen       total 207872K, used 147003K [0x00000000e0000000, 0x00000000ecb00000, 0x00000000f5580000)
  object space 207872K, 70% used [0x00000000e0000000,0x00000000e8f8eef8,0x00000000ecb00000)
 Metaspace       used 95363K, capacity 102677K, committed 102784K, reserved 1138688K
  class space    used 12811K, capacity 14187K, committed 14208K, reserved 1048576K
GC Heap History (10 events):
Event: 129.546 GC heap before
{Heap before GC invocations=24 (full 3):
 PSYoungGen      total 131072K, used 127902K [0x00000000f5580000, 0x0000000100000000, 0x0000000100000000)
  eden space 99840K, 100% used [0x00000000f5580000,0x00000000fb700000,0x00000000fb700000)
  from space 31232K, 89% used [0x00000000fe180000,0x00000000ffce7908,0x0000000100000000)
  to   space 37376K, 0% used [0x00000000fb700000,0x00000000fb700000,0x00000000fdb80000)
 ParOldGen       total 207872K, used 83965K [0x00000000e0000000, 0x00000000ecb00000, 0x00000000f5580000)
  object space 207872K, 40% used [0x00000000e0000000,0x00000000e51ff6b8,0x00000000ecb00000)
 Metaspace       used 91052K, capacity 97738K, committed 97792K, reserved 1134592K
  class space    used 12275K, capacity 13550K, committed 13568K, reserved 1048576K
Event: 129.629 GC heap after
Heap after GC invocations=24 (full 3):
 PSYoungGen      total 137216K, used 37348K [0x00000000f5580000, 0x0000000100000000, 0x0000000100000000)
  eden space 99840K, 0% used [0x00000000f5580000,0x00000000f5580000,0x00000000fb700000)
  from space 37376K, 99% used [0x00000000fb700000,0x00000000fdb79248,0x00000000fdb80000)
  to   space 37376K, 0% used [0x00000000fdb80000,0x00000000fdb80000,0x0000000100000000)
 ParOldGen       total 207872K, used 107392K [0x00000000e0000000, 0x00000000ecb00000, 0x00000000f5580000)
  object space 207872K, 51% used [0x00000000e0000000,0x00000000e68e0280,0x00000000ecb00000)
 Metaspace       used 91052K, capacity 97738K, committed 97792K, reserved 1134592K
  class space    used 12275K, capacity 13550K, committed 13568K, reserved 1048576K
}
Event: 130.141 GC heap before
{Heap before GC invocations=25 (full 3):
 PSYoungGen      total 137216K, used 58995K [0x00000000f5580000, 0x0000000100000000, 0x0000000100000000)
  eden space 99840K, 21% used [0x00000000f5580000,0x00000000f6aa3ba8,0x00000000fb700000)
  from space 37376K, 99% used [0x00000000fb700000,0x00000000fdb79248,0x00000000fdb80000)
  to   space 37376K, 0% used [0x00000000fdb80000,0x00000000fdb80000,0x0000000100000000)
 ParOldGen       total 207872K, used 107392K [0x00000000e0000000, 0x00000000ecb00000, 0x00000000f5580000)
  object space 207872K, 51% used [0x00000000e0000000,0x00000000e68e0280,0x00000000ecb00000)
 Metaspace       used 91596K, capacity 98449K, committed 98496K, reserved 1134592K
  class space    used 12365K, capacity 13696K, committed 13696K, reserved 1048576K
Event: 130.247 GC heap after
Heap after GC invocations=25 (full 3):
 PSYoungGen      total 96256K, used 37369K [0x00000000f5580000, 0x0000000100000000, 0x0000000100000000)
  eden space 58880K, 0% used [0x00000000f5580000,0x00000000f5580000,0x00000000f8f00000)
  from space 37376K, 99% used [0x00000000fdb80000,0x00000000ffffe528,0x0000000100000000)
  to   space 57856K, 0% used [0x00000000f8f00000,0x00000000f8f00000,0x00000000fc780000)
 ParOldGen       total 207872K, used 118355K [0x00000000e0000000, 0x00000000ecb00000, 0x00000000f5580000)
  object space 207872K, 56% used [0x00000000e0000000,0x00000000e7394e68,0x00000000ecb00000)
 Metaspace       used 91596K, capacity 98449K, committed 98496K, reserved 1134592K
  class space    used 12365K, capacity 13696K, committed 13696K, reserved 1048576K
}
Event: 130.247 GC heap before
{Heap before GC invocations=26 (full 4):
 PSYoungGen      total 96256K, used 37369K [0x00000000f5580000, 0x0000000100000000, 0x0000000100000000)
  eden space 58880K, 0% used [0x00000000f5580000,0x00000000f5580000,0x00000000f8f00000)
  from space 37376K, 99% used [0x00000000fdb80000,0x00000000ffffe528,0x0000000100000000)
  to   space 57856K, 0% used [0x00000000f8f00000,0x00000000f8f00000,0x00000000fc780000)
 ParOldGen       total 207872K, used 118355K [0x00000000e0000000, 0x00000000ecb00000, 0x00000000f5580000)
  object space 207872K, 56% used [0x00000000e0000000,0x00000000e7394e68,0x00000000ecb00000)
 Metaspace       used 91596K, capacity 98449K, committed 98496K, reserved 1134592K
  class space    used 12365K, capacity 13696K, committed 13696K, reserved 1048576K
Event: 132.724 GC heap after
Heap after GC invocations=26 (full 4):
 PSYoungGen      total 96256K, used 0K [0x00000000f5580000, 0x0000000100000000, 0x0000000100000000)
  eden space 58880K, 0% used [0x00000000f5580000,0x00000000f5580000,0x00000000f8f00000)
  from space 37376K, 0% used [0x00000000fdb80000,0x00000000fdb80000,0x0000000100000000)
  to   space 57856K, 0% used [0x00000000f8f00000,0x00000000f8f00000,0x00000000fc780000)
 ParOldGen       total 207872K, used 125882K [0x00000000e0000000, 0x00000000ecb00000, 0x00000000f5580000)
  object space 207872K, 60% used [0x00000000e0000000,0x00000000e7aee920,0x00000000ecb00000)
 Metaspace       used 91331K, capacity 97793K, committed 98496K, reserved 1134592K
  class space    used 12271K, capacity 13526K, committed 13696K, reserved 1048576K
}
Event: 133.499 GC heap before
{Heap before GC invocations=27 (full 4):
 PSYoungGen      total 96256K, used 58880K [0x00000000f5580000, 0x0000000100000000, 0x0000000100000000)
  eden space 58880K, 100% used [0x00000000f5580000,0x00000000f8f00000,0x00000000f8f00000)
  from space 37376K, 0% used [0x00000000fdb80000,0x00000000fdb80000,0x0000000100000000)
  to   space 57856K, 0% used [0x00000000f8f00000,0x00000000f8f00000,0x00000000fc780000)
 ParOldGen       total 207872K, used 125882K [0x00000000e0000000, 0x00000000ecb00000, 0x00000000f5580000)
  object space 207872K, 60% used [0x00000000e0000000,0x00000000e7aee920,0x00000000ecb00000)
 Metaspace       used 93495K, capacity 100493K, committed 100608K, reserved 1136640K
  class space    used 12645K, capacity 13979K, committed 14080K, reserved 1048576K
Event: 133.604 GC heap after
Heap after GC invocations=27 (full 4):
 PSYoungGen      total 116736K, used 23595K [0x00000000f5580000, 0x0000000100000000, 0x0000000100000000)
  eden space 58880K, 0% used [0x00000000f5580000,0x00000000f5580000,0x00000000f8f00000)
  from space 57856K, 40% used [0x00000000f8f00000,0x00000000fa60adb8,0x00000000fc780000)
  to   space 55296K, 0% used [0x00000000fca00000,0x00000000fca00000,0x0000000100000000)
 ParOldGen       total 207872K, used 125882K [0x00000000e0000000, 0x00000000ecb00000, 0x00000000f5580000)
  object space 207872K, 60% used [0x00000000e0000000,0x00000000e7aee920,0x00000000ecb00000)
 Metaspace       used 93495K, capacity 100493K, committed 100608K, reserved 1136640K
  class space    used 12645K, capacity 13979K, committed 14080K, reserved 1048576K
}
Event: 135.217 GC heap before
{Heap before GC invocations=28 (full 4):
 PSYoungGen      total 116736K, used 82292K [0x00000000f5580000, 0x0000000100000000, 0x0000000100000000)
  eden space 58880K, 99% used [0x00000000f5580000,0x00000000f8ed23c8,0x00000000f8f00000)
  from space 57856K, 40% used [0x00000000f8f00000,0x00000000fa60adb8,0x00000000fc780000)
  to   space 55296K, 0% used [0x00000000fca00000,0x00000000fca00000,0x0000000100000000)
 ParOldGen       total 207872K, used 125882K [0x00000000e0000000, 0x00000000ecb00000, 0x00000000f5580000)
  object space 207872K, 60% used [0x00000000e0000000,0x00000000e7aee920,0x00000000ecb00000)
 Metaspace       used 94812K, capacity 101897K, committed 102016K, reserved 1136640K
  class space    used 12761K, capacity 14107K, committed 14208K, reserved 1048576K
Event: 135.542 GC heap after
Heap after GC invocations=28 (full 4):
 PSYoungGen      total 114176K, used 6246K [0x00000000f5580000, 0x00000000ffd80000, 0x0000000100000000)
  eden space 61440K, 0% used [0x00000000f5580000,0x00000000f5580000,0x00000000f9180000)
  from space 52736K, 11% used [0x00000000fca00000,0x00000000fd019818,0x00000000ffd80000)
  to   space 55296K, 0% used [0x00000000f9180000,0x00000000f9180000,0x00000000fc780000)
 ParOldGen       total 207872K, used 147003K [0x00000000e0000000, 0x00000000ecb00000, 0x00000000f5580000)
  object space 207872K, 70% used [0x00000000e0000000,0x00000000e8f8eef8,0x00000000ecb00000)
 Metaspace       used 94812K, capacity 101897K, committed 102016K, reserved 1136640K
  class space    used 12761K, capacity 14107K, committed 14208K, reserved 1048576K
}

